/usr/local/lib/python3.12/dist-packages/pydantic/_internal/_config.py:373: UserWarning: Valid config keys have changed in V2:
* 'schema_extra' has been renamed to 'json_schema_extra'
  warnings.warn(message, UserWarning)
/usr/local/lib/python3.12/dist-packages/pydantic/_internal/_config.py:373: UserWarning: Valid config keys have changed in V2:
* 'schema_extra' has been renamed to 'json_schema_extra'
  warnings.warn(message, UserWarning)
/usr/local/lib/python3.12/dist-packages/pydantic/_internal/_config.py:373: UserWarning: Valid config keys have changed in V2:
* 'schema_extra' has been renamed to 'json_schema_extra'
  warnings.warn(message, UserWarning)
INFO:     Started server process [2816221]
INFO:     Waiting for application startup.
{"timestamp": "2025-07-24T00:41:35.956032", "level": "INFO", "logger": "autonomite_saas", "message": "Starting Autonomite SaaS Backend", "module": "main", "function": "lifespan", "line": 39}
{"timestamp": "2025-07-24T00:41:35.969435", "level": "INFO", "logger": "app.integrations.supabase_client", "message": "Supabase clients initialized successfully", "module": "supabase_client", "function": "initialize", "line": 40}
{"timestamp": "2025-07-24T00:41:35.969615", "level": "INFO", "logger": "app.integrations.livekit_client", "message": "\u2705 Added agent dispatch config: agent_name=session-agent-rag", "module": "livekit_client", "function": "create_token", "line": 89}
{"timestamp": "2025-07-24T00:41:35.969952", "level": "INFO", "logger": "app.integrations.livekit_client", "message": "LiveKit manager initialized successfully", "module": "livekit_client", "function": "initialize", "line": 32}
{"timestamp": "2025-07-24T00:41:35.983340", "level": "INFO", "logger": "app.services.container_manager", "message": "\u2705 Connected to Redis for container state management", "module": "container_manager", "function": "initialize", "line": 61}
{"timestamp": "2025-07-24T00:41:35.988075", "level": "INFO", "logger": "app.services.container_manager", "message": "Container manager initialized successfully with warm pool support", "module": "container_manager", "function": "initialize", "line": 80}
{"timestamp": "2025-07-24T00:41:36.000746", "level": "INFO", "logger": "app.services.container_pool_manager", "message": "\ud83c\udfca Container Pool Manager initialized with pool size 2-10", "module": "container_pool_manager", "function": "__init__", "line": 87}
{"timestamp": "2025-07-24T00:41:36.002194", "level": "INFO", "logger": "app.services.container_pool_manager", "message": "\ud83d\udd04 Found 0 pool keys in Redis to restore", "module": "container_pool_manager", "function": "_restore_pools_from_redis", "line": 139}
{"timestamp": "2025-07-24T00:41:36.002264", "level": "INFO", "logger": "app.services.container_pool_manager", "message": "\ud83d\udcca Restored 0 containers across 0 pools", "module": "container_pool_manager", "function": "_restore_pools_from_redis", "line": 187}
{"timestamp": "2025-07-24T00:41:36.002317", "level": "INFO", "logger": "app.services.container_pool_manager", "message": "\u2705 Container Pool Manager started", "module": "container_pool_manager", "function": "start", "line": 100}
{"timestamp": "2025-07-24T00:41:36.002340", "level": "INFO", "logger": "autonomite_saas", "message": "\u2705 Container pool manager started with warm pools", "module": "main", "function": "lifespan", "line": 53}
{"timestamp": "2025-07-24T00:41:36.015129", "level": "INFO", "logger": "app.services.background_tasks", "message": "\ud83d\ude80 Starting background tasks...", "module": "background_tasks", "function": "start", "line": 25}
{"timestamp": "2025-07-24T00:41:36.015264", "level": "INFO", "logger": "app.services.background_tasks", "message": "\u2705 Background tasks started", "module": "background_tasks", "function": "start", "line": 37}
{"timestamp": "2025-07-24T00:41:36.015302", "level": "INFO", "logger": "autonomite_saas", "message": "All services initialized successfully", "module": "main", "function": "lifespan", "line": 89}
INFO:     Application startup complete.
ERROR:    [Errno 98] error while attempting to bind on address ('0.0.0.0', 8000): [errno 98] address already in use
INFO:     Waiting for application shutdown.
{"timestamp": "2025-07-24T00:41:36.016551", "level": "INFO", "logger": "autonomite_saas", "message": "Shutting down Autonomite SaaS Backend", "module": "main", "function": "lifespan", "line": 94}
{"timestamp": "2025-07-24T00:41:36.016644", "level": "INFO", "logger": "app.services.background_tasks", "message": "\ud83d\uded1 Background tasks stopped", "module": "background_tasks", "function": "stop", "line": 51}
{"timestamp": "2025-07-24T00:41:36.016696", "level": "INFO", "logger": "app.services.container_pool_manager", "message": "\ud83d\uded1 Container Pool Manager stopped", "module": "container_pool_manager", "function": "stop", "line": 121}
{"timestamp": "2025-07-24T00:41:36.016718", "level": "INFO", "logger": "autonomite_saas", "message": "\u2705 Container pool manager stopped", "module": "main", "function": "lifespan", "line": 101}
INFO:     Application shutdown complete.
